# JRE version: OpenJDK Runtime Environment (11.0.15) (build 11.0.15+0-b2043.56-8887301)
# Java VM: OpenJDK 64-Bit Server VM (11.0.15+0-b2043.56-8887301, mixed mode, tiered, compressed oops, g1 gc, linux-amd64)
Heap:
 garbage-first heap   total 326656K, used 116736K [0x00000000a0000000, 0x0000000100000000)
  region size 1024K, 30 young (30720K), 20 survivors (20480K)
 Metaspace       used 101254K, capacity 103913K, committed 104104K, reserved 1140736K
  class space    used 12903K, capacity 13853K, committed 13856K, reserved 1048576K
GC Heap History (20 events):
Event: 1.929 GC heap before
{Heap before GC invocations=5 (full 0):
 garbage-first heap   total 190464K, used 79586K [0x00000000a0000000, 0x0000000100000000)
  region size 1024K, 68 young (69632K), 7 survivors (7168K)
 Metaspace       used 26428K, capacity 26987K, committed 27388K, reserved 1073152K
  class space    used 3425K, capacity 3621K, committed 3660K, reserved 1048576K
}
Event: 1.937 GC heap after
{Heap after GC invocations=6 (full 0):
 garbage-first heap   total 190464K, used 19535K [0x00000000a0000000, 0x0000000100000000)
  region size 1024K, 6 young (6144K), 6 survivors (6144K)
 Metaspace       used 26428K, capacity 26987K, committed 27388K, reserved 1073152K
  class space    used 3425K, capacity 3621K, committed 3660K, reserved 1048576K
}
Event: 2.521 GC heap before
{Heap before GC invocations=6 (full 0):
 garbage-first heap   total 190464K, used 69711K [0x00000000a0000000, 0x0000000100000000)
  region size 1024K, 56 young (57344K), 6 survivors (6144K)
 Metaspace       used 34990K, capacity 35813K, committed 36048K, reserved 1081344K
  class space    used 4489K, capacity 4841K, committed 4896K, reserved 1048576K
}
Event: 2.537 GC heap after
{Heap after GC invocations=7 (full 0):
 garbage-first heap   total 247808K, used 23131K [0x00000000a0000000, 0x0000000100000000)
  region size 1024K, 9 young (9216K), 9 survivors (9216K)
 Metaspace       used 34990K, capacity 35813K, committed 36048K, reserved 1081344K
  class space    used 4489K, capacity 4841K, committed 4896K, reserved 1048576K
}
Event: 3.449 GC heap before
{Heap before GC invocations=8 (full 0):
 garbage-first heap   total 247808K, used 124507K [0x00000000a0000000, 0x0000000100000000)
  region size 1024K, 105 young (107520K), 9 survivors (9216K)
 Metaspace       used 43072K, capacity 44098K, committed 44368K, reserved 1087488K
  class space    used 5386K, capacity 5752K, committed 5792K, reserved 1048576K
}
Event: 3.473 GC heap after
{Heap after GC invocations=9 (full 0):
 garbage-first heap   total 247808K, used 29763K [0x00000000a0000000, 0x0000000100000000)
  region size 1024K, 13 young (13312K), 13 survivors (13312K)
 Metaspace       used 43072K, capacity 44098K, committed 44368K, reserved 1087488K
  class space    used 5386K, capacity 5752K, committed 5792K, reserved 1048576K
}
Event: 5.031 GC heap before
{Heap before GC invocations=9 (full 0):
 garbage-first heap   total 247808K, used 165955K [0x00000000a0000000, 0x0000000100000000)
  region size 1024K, 137 young (140288K), 13 survivors (13312K)
 Metaspace       used 50248K, capacity 51521K, committed 51792K, reserved 1093632K
  class space    used 6297K, capacity 6786K, committed 6816K, reserved 1048576K
}
Event: 5.053 GC heap after
{Heap after GC invocations=10 (full 0):
 garbage-first heap   total 247808K, used 50277K [0x00000000a0000000, 0x0000000100000000)
  region size 1024K, 18 young (18432K), 18 survivors (18432K)
 Metaspace       used 50248K, capacity 51521K, committed 51792K, reserved 1093632K
  class space    used 6297K, capacity 6786K, committed 6816K, reserved 1048576K
}
Event: 6.297 GC heap before
{Heap before GC invocations=10 (full 0):
 garbage-first heap   total 247808K, used 116837K [0x00000000a0000000, 0x0000000100000000)
  region size 1024K, 85 young (87040K), 18 survivors (18432K)
 Metaspace       used 58938K, capacity 60382K, committed 60496K, reserved 1101824K
  class space    used 7347K, capacity 7835K, committed 7840K, reserved 1048576K
}
Event: 6.330 GC heap after
{Heap after GC invocations=11 (full 0):
 garbage-first heap   total 247808K, used 54784K [0x00000000a0000000, 0x0000000100000000)
  region size 1024K, 5 young (5120K), 5 survivors (5120K)
 Metaspace       used 58938K, capacity 60382K, committed 60496K, reserved 1101824K
  class space    used 7347K, capacity 7835K, committed 7840K, reserved 1048576K
}
Event: 7.391 GC heap before
{Heap before GC invocations=12 (full 0):
 garbage-first heap   total 247808K, used 165376K [0x00000000a0000000, 0x0000000100000000)
  region size 1024K, 113 young (115712K), 5 survivors (5120K)
 Metaspace       used 66777K, capacity 68419K, committed 68776K, reserved 1110016K
  class space    used 8334K, capacity 8922K, committed 8992K, reserved 1048576K
}
Event: 7.410 GC heap after
{Heap after GC invocations=13 (full 0):
 garbage-first heap   total 326656K, used 62111K [0x00000000a0000000, 0x0000000100000000)
  region size 1024K, 12 young (12288K), 12 survivors (12288K)
 Metaspace       used 66777K, capacity 68419K, committed 68776K, reserved 1110016K
  class space    used 8334K, capacity 8922K, committed 8992K, reserved 1048576K
}
Event: 9.644 GC heap before
{Heap before GC invocations=14 (full 0):
 garbage-first heap   total 326656K, used 215711K [0x00000000a0000000, 0x0000000100000000)
  region size 1024K, 162 young (165888K), 12 survivors (12288K)
 Metaspace       used 82087K, capacity 83985K, committed 84392K, reserved 1122304K
  class space    used 10487K, capacity 11169K, committed 11296K, reserved 1048576K
}
Event: 9.686 GC heap after
{Heap after GC invocations=15 (full 0):
 garbage-first heap   total 326656K, used 71158K [0x00000000a0000000, 0x0000000100000000)
  region size 1024K, 17 young (17408K), 17 survivors (17408K)
 Metaspace       used 82087K, capacity 83985K, committed 84392K, reserved 1122304K
  class space    used 10487K, capacity 11169K, committed 11296K, reserved 1048576K
}
Event: 11.234 GC heap before
{Heap before GC invocations=15 (full 0):
 garbage-first heap   total 326656K, used 227830K [0x00000000a0000000, 0x0000000100000000)
  region size 1024K, 171 young (175104K), 17 survivors (17408K)
 Metaspace       used 85892K, capacity 88090K, committed 88232K, reserved 1126400K
  class space    used 11000K, capacity 11737K, committed 11808K, reserved 1048576K
}
Event: 11.278 GC heap after
{Heap after GC invocations=16 (full 0):
 garbage-first heap   total 326656K, used 85534K [0x00000000a0000000, 0x0000000100000000)
  region size 1024K, 22 young (22528K), 22 survivors (22528K)
 Metaspace       used 85892K, capacity 88090K, committed 88232K, reserved 1126400K
  class space    used 11000K, capacity 11737K, committed 11808K, reserved 1048576K
}
Event: 12.990 GC heap before
{Heap before GC invocations=16 (full 0):
 garbage-first heap   total 326656K, used 238110K [0x00000000a0000000, 0x0000000100000000)
  region size 1024K, 172 young (176128K), 22 survivors (22528K)
 Metaspace       used 92133K, capacity 94444K, committed 94632K, reserved 1132544K
  class space    used 11695K, capacity 12519K, committed 12576K, reserved 1048576K
}
Event: 13.058 GC heap after
{Heap after GC invocations=17 (full 0):
 garbage-first heap   total 326656K, used 95953K [0x00000000a0000000, 0x0000000100000000)
  region size 1024K, 10 young (10240K), 10 survivors (10240K)
 Metaspace       used 92133K, capacity 94444K, committed 94632K, reserved 1132544K
  class space    used 11695K, capacity 12519K, committed 12576K, reserved 1048576K
}
Event: 23.819 GC heap before
{Heap before GC invocations=17 (full 0):
 garbage-first heap   total 326656K, used 248529K [0x00000000a0000000, 0x0000000100000000)
  region size 1024K, 158 young (161792K), 10 survivors (10240K)
 Metaspace       used 100962K, capacity 103591K, committed 103848K, reserved 1138688K
  class space    used 12868K, capacity 13788K, committed 13856K, reserved 1048576K
}
Event: 23.846 GC heap after
{Heap after GC invocations=18 (full 0):
 garbage-first heap   total 326656K, used 107520K [0x00000000a0000000, 0x0000000100000000)
  region size 1024K, 20 young (20480K), 20 survivors (20480K)
 Metaspace       used 100962K, capacity 103591K, committed 103848K, reserved 1138688K
  class space    used 12868K, capacity 13788K, committed 13856K, reserved 1048576K
}

